<?xml version="1.0" encoding="UTF-8"?>
<!-- Generated by org.testng.reporters.JUnitReportReporter -->
<testsuite hostname="admin" failures="0" tests="1" name="Test_Cases.Login" time="37.238" errors="0" timestamp="2022-08-19T11:56:44 IST" skipped="0">
  <testcase classname="Test_Cases.Login" name="login" time="37.238"/>
  <system-out/>
</testsuite> <!-- Test_Cases.Login -->
